<?xml version="1.0" encoding="utf-8"?><testsuites><testsuite name="pytest" errors="0" failures="0" skipped="0" tests="9" time="0.135" timestamp="2023-12-08T00:34:49.634416" hostname="DESKTOP-642O1ET"><testcase classname="test_library_management" name="test_successful_checkout" time="0.002" /><testcase classname="test_library_management" name="test_checkout_unavailable_book" time="0.001" /><testcase classname="test_library_management" name="test_max_books_per_checkout" time="0.001" /><testcase classname="test_library_management" name="test_return_no_late_fee" time="0.001" /><testcase classname="test_library_management" name="test_return_late_fee" time="0.001" /><testcase classname="test_library_management" name="test_invalid_book_index_checkout" time="0.001" /><testcase classname="test_library_management" name="test_invalid_quantity_return" time="0.003" /><testcase classname="test_library_management" name="test_accumulated_late_fees" time="0.001" /><testcase classname="test_library_management" name="test_no_late_fees_on_due_date" time="0.001" /></testsuite></testsuites>